  main.cpp
c:\swanjr\university\3rd party\include\glm\detail\type_vec4.hpp(120): warning C4201: nonstandard extension used: nameless struct/union
  c:\swanjr\university\3rd party\include\glm\detail\type_vec4.hpp(350): note: see reference to class template instantiation 'glm::tvec4<T,P>' being compiled
c:\swanjr\university\3rd party\include\glm\detail\type_vec4.hpp(121): warning C4201: nonstandard extension used: nameless struct/union
c:\swanjr\university\3rd party\include\glm\detail\type_vec4.hpp(122): warning C4201: nonstandard extension used: nameless struct/union
c:\swanjr\university\3rd party\include\glm\detail\type_vec2.hpp(66): warning C4201: nonstandard extension used: nameless struct/union
  c:\swanjr\university\3rd party\include\glm\detail\type_vec2.hpp(229): note: see reference to class template instantiation 'glm::tvec2<T,P>' being compiled
c:\swanjr\university\3rd party\include\glm\detail\type_vec2.hpp(67): warning C4201: nonstandard extension used: nameless struct/union
c:\swanjr\university\3rd party\include\glm\detail\type_vec2.hpp(68): warning C4201: nonstandard extension used: nameless struct/union
c:\swanjr\university\3rd party\include\glm\detail\type_vec3.hpp(66): warning C4201: nonstandard extension used: nameless struct/union
  c:\swanjr\university\3rd party\include\glm\detail\type_vec3.hpp(251): note: see reference to class template instantiation 'glm::tvec3<T,P>' being compiled
c:\swanjr\university\3rd party\include\glm\detail\type_vec3.hpp(67): warning C4201: nonstandard extension used: nameless struct/union
c:\swanjr\university\3rd party\include\glm\detail\type_vec3.hpp(68): warning C4201: nonstandard extension used: nameless struct/union
c:\swanjr\university\visual studio 2015\projects\hedgehog\hedgehog\main.cpp(87): warning C4244: 'argument': conversion from 'time_t' to 'unsigned int', possible loss of data
c:\swanjr\university\visual studio 2015\projects\hedgehog\hedgehog\main.cpp(110): warning C4244: '=': conversion from 'double' to 'float', possible loss of data
c:\swanjr\university\visual studio 2015\projects\hedgehog\hedgehog\main.cpp(111): warning C4244: '=': conversion from 'double' to 'float', possible loss of data
c:\swanjr\university\visual studio 2015\projects\hedgehog\hedgehog\main.cpp(166): warning C4100: 'mode': unreferenced formal parameter
c:\swanjr\university\visual studio 2015\projects\hedgehog\hedgehog\main.cpp(166): warning C4100: 'scancode': unreferenced formal parameter
c:\swanjr\university\visual studio 2015\projects\hedgehog\hedgehog\main.cpp(296): warning C4459: declaration of 'deltaTime' hides global declaration
  c:\swanjr\university\visual studio 2015\projects\hedgehog\hedgehog\main.cpp(52): note: see declaration of 'deltaTime'
c:\swanjr\university\visual studio 2015\projects\hedgehog\hedgehog\main.cpp(331): warning C4244: 'argument': conversion from 'double' to 'const float', possible loss of data
LINK : warning LNK4098: defaultlib 'LIBCMT' conflicts with use of other libs; use /NODEFAULTLIB:library
SOIL.lib(image_DXT.obj) : warning LNK4099: PDB 'SOIL.pdb' was not found with 'SOIL.lib(image_DXT.obj)' or at 'C:\SwanJR\University\Visual Studio 2015\Projects\HedgeHog\Debug\SOIL.pdb'; linking object as if no debug info
SOIL.lib(image_helper.obj) : warning LNK4099: PDB 'SOIL.pdb' was not found with 'SOIL.lib(image_helper.obj)' or at 'C:\SwanJR\University\Visual Studio 2015\Projects\HedgeHog\Debug\SOIL.pdb'; linking object as if no debug info
SOIL.lib(SOIL.obj) : warning LNK4099: PDB 'SOIL.pdb' was not found with 'SOIL.lib(SOIL.obj)' or at 'C:\SwanJR\University\Visual Studio 2015\Projects\HedgeHog\Debug\SOIL.pdb'; linking object as if no debug info
SOIL.lib(stb_image_aug.obj) : warning LNK4099: PDB 'SOIL.pdb' was not found with 'SOIL.lib(stb_image_aug.obj)' or at 'C:\SwanJR\University\Visual Studio 2015\Projects\HedgeHog\Debug\SOIL.pdb'; linking object as if no debug info
glew32s.lib(glew.obj) : warning LNK4099: PDB 'vc120.pdb' was not found with 'glew32s.lib(glew.obj)' or at 'C:\SwanJR\University\Visual Studio 2015\Projects\HedgeHog\Debug\vc120.pdb'; linking object as if no debug info
glfw3.lib(context.obj) : warning LNK4099: PDB 'glfw.pdb' was not found with 'glfw3.lib(context.obj)' or at 'C:\SwanJR\University\Visual Studio 2015\Projects\HedgeHog\Debug\glfw.pdb'; linking object as if no debug info
glfw3.lib(init.obj) : warning LNK4099: PDB 'glfw.pdb' was not found with 'glfw3.lib(init.obj)' or at 'C:\SwanJR\University\Visual Studio 2015\Projects\HedgeHog\Debug\glfw.pdb'; linking object as if no debug info
glfw3.lib(input.obj) : warning LNK4099: PDB 'glfw.pdb' was not found with 'glfw3.lib(input.obj)' or at 'C:\SwanJR\University\Visual Studio 2015\Projects\HedgeHog\Debug\glfw.pdb'; linking object as if no debug info
glfw3.lib(monitor.obj) : warning LNK4099: PDB 'glfw.pdb' was not found with 'glfw3.lib(monitor.obj)' or at 'C:\SwanJR\University\Visual Studio 2015\Projects\HedgeHog\Debug\glfw.pdb'; linking object as if no debug info
glfw3.lib(window.obj) : warning LNK4099: PDB 'glfw.pdb' was not found with 'glfw3.lib(window.obj)' or at 'C:\SwanJR\University\Visual Studio 2015\Projects\HedgeHog\Debug\glfw.pdb'; linking object as if no debug info
glfw3.lib(win32_init.obj) : warning LNK4099: PDB 'glfw.pdb' was not found with 'glfw3.lib(win32_init.obj)' or at 'C:\SwanJR\University\Visual Studio 2015\Projects\HedgeHog\Debug\glfw.pdb'; linking object as if no debug info
glfw3.lib(win32_monitor.obj) : warning LNK4099: PDB 'glfw.pdb' was not found with 'glfw3.lib(win32_monitor.obj)' or at 'C:\SwanJR\University\Visual Studio 2015\Projects\HedgeHog\Debug\glfw.pdb'; linking object as if no debug info
glfw3.lib(win32_time.obj) : warning LNK4099: PDB 'glfw.pdb' was not found with 'glfw3.lib(win32_time.obj)' or at 'C:\SwanJR\University\Visual Studio 2015\Projects\HedgeHog\Debug\glfw.pdb'; linking object as if no debug info
glfw3.lib(win32_tls.obj) : warning LNK4099: PDB 'glfw.pdb' was not found with 'glfw3.lib(win32_tls.obj)' or at 'C:\SwanJR\University\Visual Studio 2015\Projects\HedgeHog\Debug\glfw.pdb'; linking object as if no debug info
glfw3.lib(win32_window.obj) : warning LNK4099: PDB 'glfw.pdb' was not found with 'glfw3.lib(win32_window.obj)' or at 'C:\SwanJR\University\Visual Studio 2015\Projects\HedgeHog\Debug\glfw.pdb'; linking object as if no debug info
glfw3.lib(winmm_joystick.obj) : warning LNK4099: PDB 'glfw.pdb' was not found with 'glfw3.lib(winmm_joystick.obj)' or at 'C:\SwanJR\University\Visual Studio 2015\Projects\HedgeHog\Debug\glfw.pdb'; linking object as if no debug info
glfw3.lib(wgl_context.obj) : warning LNK4099: PDB 'glfw.pdb' was not found with 'glfw3.lib(wgl_context.obj)' or at 'C:\SwanJR\University\Visual Studio 2015\Projects\HedgeHog\Debug\glfw.pdb'; linking object as if no debug info
  HedgeHog.vcxproj -> C:\SwanJR\University\Visual Studio 2015\Projects\HedgeHog\Debug\HedgeHog.exe
